Python 3.12.3
Running main.py on folder: fr_1
PyTorch version: 2.8.0+cu128
CUDA available: True
CUDA version: 12.8
Device count: 1
Device object created: cuda
Tensor created on CPU: cpu
Successfully moved to CUDA: cuda:0
CUDA is working!
Created Modular addition Data

Dataset Information:
  Modulo: 113
  Total samples: 12769
  Train samples: 3830
  Test samples: 8939
  Train factor: 0.3
  Vocabulary size: 114

Sample equations:
  103 + 52 = 42 (mod 113)
  38 + 14 = 52 (mod 113)
  39 + 94 = 20 (mod 113)
  48 + 69 = 4 (mod 113)
  96 + 97 = 80 (mod 113)
RNNModel(
  (embedding): Embedding(114, 256)
  (rnn): RNN(256, 256, batch_first=True)
  (fc): Linear(in_features=256, out_features=114, bias=True)
  (bn): BatchNorm1d(256, eps=1e-05, momentum=0.1, affine=True, track_running_stats=True)
)
Using Cross-Entropy Loss w/ regularization term on W_e
Starting training for 15000 epochs...
Model reached 100% test accuracy at epoch 1215
Training completed!
=== Fourier Spectrum Analysis Report ===

1. Model performance:
Accuracy on entire dataset: 99.99216853316626% 
	 Train set accuracy: 100.0% 
	 Test set accuracy: 99.98881306633851%
2. Generating fourier coefficient analysis plots

Warning: base model accuracy is 99.99%
3. Generating Weight SVD spectrum plots
Expected vocab size: 113, Actual embedding dim: 114
Operation: Addition, Includes zero: True
Fraction of Variance in significant components for Addition:
Embedding Weights, 0 components: 0.0000
Unembedding Weights, 0 components: 0.0000
Input Weights, 0 components: 0.0000
Hidden Weights, 256 components: 1.0000

4. Performing SVD ablation analysis
Accuracy after ablating insignificant components (Addition): 0.88%
Accuracy after ablating all significant components (Addition): 0.88%

5. Performing fourier component ablation analysis
Fourier ablation analysis for Addition:

6. Trigonometric Identity Verification:
Verifying trigonometric identities:

=== Analysis Complete ===
Running main.py on folder: fr_10
PyTorch version: 2.8.0+cu128
CUDA available: True
CUDA version: 12.8
Device count: 1
Device object created: cuda
Tensor created on CPU: cpu
Successfully moved to CUDA: cuda:0
CUDA is working!
Created Modular addition Data

Dataset Information:
  Modulo: 113
  Total samples: 12769
  Train samples: 3830
  Test samples: 8939
  Train factor: 0.3
  Vocabulary size: 114

Sample equations:
  34 + 36 = 70 (mod 113)
  28 + 62 = 90 (mod 113)
  78 + 90 = 55 (mod 113)
  80 + 55 = 22 (mod 113)
  49 + 107 = 43 (mod 113)
RNNModel(
  (embedding): Embedding(114, 256)
  (rnn): RNN(256, 256, batch_first=True)
  (fc): Linear(in_features=256, out_features=114, bias=True)
  (bn): BatchNorm1d(256, eps=1e-05, momentum=0.1, affine=True, track_running_stats=True)
)
Using Cross-Entropy Loss w/ regularization term on W_e
Starting training for 15000 epochs...
Model reached 100% test accuracy at epoch 2772
Training completed!
=== Fourier Spectrum Analysis Report ===

1. Model performance:
Accuracy on entire dataset: 100.0% 
	 Train set accuracy: 100.0% 
	 Test set accuracy: 100.0%
2. Generating fourier coefficient analysis plots

3. Generating Weight SVD spectrum plots
Expected vocab size: 113, Actual embedding dim: 114
Operation: Addition, Includes zero: True
Fraction of Variance in significant components for Addition:
Embedding Weights, 0 components: 0.0000
Unembedding Weights, 0 components: 0.0000
Input Weights, 0 components: 0.0000
Hidden Weights, 231 components: 0.9949

4. Performing SVD ablation analysis
Accuracy after ablating insignificant components (Addition): 0.88%
Accuracy after ablating all significant components (Addition): 0.88%

5. Performing fourier component ablation analysis
Fourier ablation analysis for Addition:

6. Trigonometric Identity Verification:
Verifying trigonometric identities:

=== Analysis Complete ===
Running main.py on folder: fr_2
PyTorch version: 2.8.0+cu128
CUDA available: True
CUDA version: 12.8
Device count: 1
Device object created: cuda
Tensor created on CPU: cpu
Successfully moved to CUDA: cuda:0
CUDA is working!
Created Modular addition Data

Dataset Information:
  Modulo: 113
  Total samples: 12769
  Train samples: 3830
  Test samples: 8939
  Train factor: 0.3
  Vocabulary size: 114

Sample equations:
  71 + 34 = 105 (mod 113)
  93 + 52 = 32 (mod 113)
  7 + 107 = 1 (mod 113)
  49 + 19 = 68 (mod 113)
  34 + 42 = 76 (mod 113)
RNNModel(
  (embedding): Embedding(114, 256)
  (rnn): RNN(256, 256, batch_first=True)
  (fc): Linear(in_features=256, out_features=114, bias=True)
  (bn): BatchNorm1d(256, eps=1e-05, momentum=0.1, affine=True, track_running_stats=True)
)
Using Cross-Entropy Loss w/ regularization term on W_e
Starting training for 15000 epochs...
Model reached 100% test accuracy at epoch 2437
Training completed!
=== Fourier Spectrum Analysis Report ===

1. Model performance:
Accuracy on entire dataset: 100.0% 
	 Train set accuracy: 100.0% 
	 Test set accuracy: 100.0%
2. Generating fourier coefficient analysis plots

3. Generating Weight SVD spectrum plots
Expected vocab size: 113, Actual embedding dim: 114
Operation: Addition, Includes zero: True
Fraction of Variance in significant components for Addition:
Embedding Weights, 0 components: 0.0000
Unembedding Weights, 0 components: 0.0000
Input Weights, 0 components: 0.0000
Hidden Weights, 237 components: 0.9974

4. Performing SVD ablation analysis
Accuracy after ablating insignificant components (Addition): 0.88%
Accuracy after ablating all significant components (Addition): 0.88%

5. Performing fourier component ablation analysis
Fourier ablation analysis for Addition:

6. Trigonometric Identity Verification:
Verifying trigonometric identities:

=== Analysis Complete ===
Running main.py on folder: fr_3
PyTorch version: 2.8.0+cu128
CUDA available: True
CUDA version: 12.8
Device count: 1
Device object created: cuda
Tensor created on CPU: cpu
Successfully moved to CUDA: cuda:0
CUDA is working!
Created Modular addition Data

Dataset Information:
  Modulo: 113
  Total samples: 12769
  Train samples: 3830
  Test samples: 8939
  Train factor: 0.3
  Vocabulary size: 114

Sample equations:
  70 + 8 = 78 (mod 113)
  75 + 9 = 84 (mod 113)
  71 + 18 = 89 (mod 113)
  28 + 24 = 52 (mod 113)
  109 + 50 = 46 (mod 113)
RNNModel(
  (embedding): Embedding(114, 256)
  (rnn): RNN(256, 256, batch_first=True)
  (fc): Linear(in_features=256, out_features=114, bias=True)
  (bn): BatchNorm1d(256, eps=1e-05, momentum=0.1, affine=True, track_running_stats=True)
)
Using Cross-Entropy Loss w/ regularization term on W_e
Starting training for 15000 epochs...
Model reached 100% test accuracy at epoch 1376
Training completed!
=== Fourier Spectrum Analysis Report ===

1. Model performance:
Accuracy on entire dataset: 99.9765055994988% 
	 Train set accuracy: 100.0% 
	 Test set accuracy: 99.96643919901554%
2. Generating fourier coefficient analysis plots

Warning: base model accuracy is 99.98%
3. Generating Weight SVD spectrum plots
Expected vocab size: 113, Actual embedding dim: 114
Operation: Addition, Includes zero: True
Fraction of Variance in significant components for Addition:
Embedding Weights, 0 components: 0.0000
Unembedding Weights, 0 components: 0.0000
Input Weights, 0 components: 0.0000
Hidden Weights, 256 components: 1.0000

4. Performing SVD ablation analysis
Accuracy after ablating insignificant components (Addition): 0.88%
Accuracy after ablating all significant components (Addition): 0.88%

5. Performing fourier component ablation analysis
Fourier ablation analysis for Addition:

6. Trigonometric Identity Verification:
Verifying trigonometric identities:

=== Analysis Complete ===
Running main.py on folder: fr_4
PyTorch version: 2.8.0+cu128
CUDA available: True
CUDA version: 12.8
Device count: 1
Device object created: cuda
Tensor created on CPU: cpu
Successfully moved to CUDA: cuda:0
CUDA is working!
Created Modular addition Data

Dataset Information:
  Modulo: 113
  Total samples: 12769
  Train samples: 3830
  Test samples: 8939
  Train factor: 0.3
  Vocabulary size: 114

Sample equations:
  97 + 68 = 52 (mod 113)
  65 + 14 = 79 (mod 113)
  26 + 84 = 110 (mod 113)
  30 + 15 = 45 (mod 113)
  110 + 78 = 75 (mod 113)
RNNModel(
  (embedding): Embedding(114, 256)
  (rnn): RNN(256, 256, batch_first=True)
  (fc): Linear(in_features=256, out_features=114, bias=True)
  (bn): BatchNorm1d(256, eps=1e-05, momentum=0.1, affine=True, track_running_stats=True)
)
Using Cross-Entropy Loss w/ regularization term on W_e
Starting training for 15000 epochs...
Model reached 100% test accuracy at epoch 2044
Training completed!
=== Fourier Spectrum Analysis Report ===

1. Model performance:
Accuracy on entire dataset: 99.96084266583131% 
	 Train set accuracy: 100.0% 
	 Test set accuracy: 99.94406533169257%
2. Generating fourier coefficient analysis plots

Warning: base model accuracy is 99.96%
3. Generating Weight SVD spectrum plots
Expected vocab size: 113, Actual embedding dim: 114
Operation: Addition, Includes zero: True
Fraction of Variance in significant components for Addition:
Embedding Weights, 0 components: 0.0000
Unembedding Weights, 0 components: 0.0000
Input Weights, 0 components: 0.0000
Hidden Weights, 256 components: 1.0000

4. Performing SVD ablation analysis
Accuracy after ablating insignificant components (Addition): 0.88%
Accuracy after ablating all significant components (Addition): 0.88%

5. Performing fourier component ablation analysis
Fourier ablation analysis for Addition:

6. Trigonometric Identity Verification:
Verifying trigonometric identities:

=== Analysis Complete ===
Running main.py on folder: fr_5
PyTorch version: 2.8.0+cu128
CUDA available: True
CUDA version: 12.8
Device count: 1
Device object created: cuda
Tensor created on CPU: cpu
Successfully moved to CUDA: cuda:0
CUDA is working!
Created Modular addition Data

Dataset Information:
  Modulo: 113
  Total samples: 12769
  Train samples: 3830
  Test samples: 8939
  Train factor: 0.3
  Vocabulary size: 114

Sample equations:
  2 + 26 = 28 (mod 113)
  17 + 37 = 54 (mod 113)
  49 + 102 = 38 (mod 113)
  77 + 98 = 62 (mod 113)
  13 + 55 = 68 (mod 113)
RNNModel(
  (embedding): Embedding(114, 256)
  (rnn): RNN(256, 256, batch_first=True)
  (fc): Linear(in_features=256, out_features=114, bias=True)
  (bn): BatchNorm1d(256, eps=1e-05, momentum=0.1, affine=True, track_running_stats=True)
)
Using Cross-Entropy Loss w/ regularization term on W_e
Starting training for 15000 epochs...
Model reached 100% test accuracy at epoch 1875
Training completed!
=== Fourier Spectrum Analysis Report ===

1. Model performance:
Accuracy on entire dataset: 99.98433706633253% 
	 Train set accuracy: 100.0% 
	 Test set accuracy: 99.97762613267703%
2. Generating fourier coefficient analysis plots

Warning: base model accuracy is 99.98%
3. Generating Weight SVD spectrum plots
Expected vocab size: 113, Actual embedding dim: 114
Operation: Addition, Includes zero: True
Fraction of Variance in significant components for Addition:
Embedding Weights, 0 components: 0.0000
Unembedding Weights, 0 components: 0.0000
Input Weights, 0 components: 0.0000
Hidden Weights, 256 components: 1.0000

4. Performing SVD ablation analysis
Accuracy after ablating insignificant components (Addition): 0.88%
Accuracy after ablating all significant components (Addition): 0.88%

5. Performing fourier component ablation analysis
Fourier ablation analysis for Addition:

6. Trigonometric Identity Verification:
Verifying trigonometric identities:

=== Analysis Complete ===
Running main.py on folder: fr_6
PyTorch version: 2.8.0+cu128
CUDA available: True
CUDA version: 12.8
Device count: 1
Device object created: cuda
Tensor created on CPU: cpu
Successfully moved to CUDA: cuda:0
CUDA is working!
Created Modular addition Data

Dataset Information:
  Modulo: 113
  Total samples: 12769
  Train samples: 3830
  Test samples: 8939
  Train factor: 0.3
  Vocabulary size: 114

Sample equations:
  97 + 26 = 10 (mod 113)
  77 + 74 = 38 (mod 113)
  50 + 42 = 92 (mod 113)
  85 + 100 = 72 (mod 113)
  24 + 47 = 71 (mod 113)
RNNModel(
  (embedding): Embedding(114, 256)
  (rnn): RNN(256, 256, batch_first=True)
  (fc): Linear(in_features=256, out_features=114, bias=True)
  (bn): BatchNorm1d(256, eps=1e-05, momentum=0.1, affine=True, track_running_stats=True)
)
Using Cross-Entropy Loss w/ regularization term on W_e
Starting training for 15000 epochs...
Model reached 100% test accuracy at epoch 5634
Training completed!
=== Fourier Spectrum Analysis Report ===

1. Model performance:
Accuracy on entire dataset: 100.0% 
	 Train set accuracy: 100.0% 
	 Test set accuracy: 100.0%
2. Generating fourier coefficient analysis plots

3. Generating Weight SVD spectrum plots
Expected vocab size: 113, Actual embedding dim: 114
Operation: Addition, Includes zero: True
Fraction of Variance in significant components for Addition:
Embedding Weights, 0 components: 0.0000
Unembedding Weights, 0 components: 0.0000
Input Weights, 0 components: 0.0000
Hidden Weights, 244 components: 0.9989

4. Performing SVD ablation analysis
Accuracy after ablating insignificant components (Addition): 0.88%
Accuracy after ablating all significant components (Addition): 0.88%

5. Performing fourier component ablation analysis
Fourier ablation analysis for Addition:

6. Trigonometric Identity Verification:
Verifying trigonometric identities:

=== Analysis Complete ===
Running main.py on folder: fr_7
PyTorch version: 2.8.0+cu128
CUDA available: True
CUDA version: 12.8
Device count: 1
Device object created: cuda
Tensor created on CPU: cpu
Successfully moved to CUDA: cuda:0
CUDA is working!
Created Modular addition Data

Dataset Information:
  Modulo: 113
  Total samples: 12769
  Train samples: 3830
  Test samples: 8939
  Train factor: 0.3
  Vocabulary size: 114

Sample equations:
  0 + 101 = 101 (mod 113)
  97 + 35 = 19 (mod 113)
  69 + 93 = 49 (mod 113)
  5 + 88 = 93 (mod 113)
  70 + 72 = 29 (mod 113)
RNNModel(
  (embedding): Embedding(114, 256)
  (rnn): RNN(256, 256, batch_first=True)
  (fc): Linear(in_features=256, out_features=114, bias=True)
  (bn): BatchNorm1d(256, eps=1e-05, momentum=0.1, affine=True, track_running_stats=True)
)
Using Cross-Entropy Loss w/ regularization term on W_e
Starting training for 15000 epochs...
Model reached 100% test accuracy at epoch 1822
Training completed!
=== Fourier Spectrum Analysis Report ===

1. Model performance:
Accuracy on entire dataset: 98.93492051061163% 
	 Train set accuracy: 100.0% 
	 Test set accuracy: 98.47857702203827%
2. Generating fourier coefficient analysis plots

Warning: base model accuracy is 98.93%
3. Generating Weight SVD spectrum plots
Expected vocab size: 113, Actual embedding dim: 114
Operation: Addition, Includes zero: True
Fraction of Variance in significant components for Addition:
Embedding Weights, 0 components: 0.0000
Unembedding Weights, 0 components: 0.0000
Input Weights, 0 components: 0.0000
Hidden Weights, 256 components: 1.0000

4. Performing SVD ablation analysis
Accuracy after ablating insignificant components (Addition): 0.88%
Accuracy after ablating all significant components (Addition): 0.88%

5. Performing fourier component ablation analysis
Fourier ablation analysis for Addition:

6. Trigonometric Identity Verification:
Verifying trigonometric identities:

=== Analysis Complete ===
Running main.py on folder: fr_8
PyTorch version: 2.8.0+cu128
CUDA available: True
CUDA version: 12.8
Device count: 1
Device object created: cuda
Tensor created on CPU: cpu
Successfully moved to CUDA: cuda:0
CUDA is working!
Created Modular addition Data

Dataset Information:
  Modulo: 113
  Total samples: 12769
  Train samples: 3830
  Test samples: 8939
  Train factor: 0.3
  Vocabulary size: 114

Sample equations:
  9 + 65 = 74 (mod 113)
  23 + 71 = 94 (mod 113)
  53 + 47 = 100 (mod 113)
  93 + 7 = 100 (mod 113)
  83 + 81 = 51 (mod 113)
RNNModel(
  (embedding): Embedding(114, 256)
  (rnn): RNN(256, 256, batch_first=True)
  (fc): Linear(in_features=256, out_features=114, bias=True)
  (bn): BatchNorm1d(256, eps=1e-05, momentum=0.1, affine=True, track_running_stats=True)
)
Using Cross-Entropy Loss w/ regularization term on W_e
Starting training for 15000 epochs...
Model reached 100% test accuracy at epoch 1772
Training completed!
=== Fourier Spectrum Analysis Report ===

1. Model performance:
Accuracy on entire dataset: 99.86686506382647% 
	 Train set accuracy: 100.0% 
	 Test set accuracy: 99.80982212775477%
2. Generating fourier coefficient analysis plots

Warning: base model accuracy is 99.87%
3. Generating Weight SVD spectrum plots
Expected vocab size: 113, Actual embedding dim: 114
Operation: Addition, Includes zero: True
Fraction of Variance in significant components for Addition:
Embedding Weights, 0 components: 0.0000
Unembedding Weights, 0 components: 0.0000
Input Weights, 0 components: 0.0000
Hidden Weights, 256 components: 1.0000

4. Performing SVD ablation analysis
Accuracy after ablating insignificant components (Addition): 0.88%
Accuracy after ablating all significant components (Addition): 0.88%

5. Performing fourier component ablation analysis
Fourier ablation analysis for Addition:

6. Trigonometric Identity Verification:
Verifying trigonometric identities:

=== Analysis Complete ===
Running main.py on folder: fr_9
PyTorch version: 2.8.0+cu128
CUDA available: True
CUDA version: 12.8
Device count: 1
Device object created: cuda
Tensor created on CPU: cpu
Successfully moved to CUDA: cuda:0
CUDA is working!
Created Modular addition Data

Dataset Information:
  Modulo: 113
  Total samples: 12769
  Train samples: 3830
  Test samples: 8939
  Train factor: 0.3
  Vocabulary size: 114

Sample equations:
  77 + 56 = 20 (mod 113)
  48 + 49 = 97 (mod 113)
  91 + 59 = 37 (mod 113)
  13 + 17 = 30 (mod 113)
  97 + 67 = 51 (mod 113)
RNNModel(
  (embedding): Embedding(114, 256)
  (rnn): RNN(256, 256, batch_first=True)
  (fc): Linear(in_features=256, out_features=114, bias=True)
  (bn): BatchNorm1d(256, eps=1e-05, momentum=0.1, affine=True, track_running_stats=True)
)
Using Cross-Entropy Loss w/ regularization term on W_e
Starting training for 15000 epochs...
Model reached 100% test accuracy at epoch 1907
Training completed!
=== Fourier Spectrum Analysis Report ===

1. Model performance:
Accuracy on entire dataset: 100.0% 
	 Train set accuracy: 100.0% 
	 Test set accuracy: 100.0%
2. Generating fourier coefficient analysis plots

3. Generating Weight SVD spectrum plots
Expected vocab size: 113, Actual embedding dim: 114
Operation: Addition, Includes zero: True
Fraction of Variance in significant components for Addition:
Embedding Weights, 0 components: 0.0000
Unembedding Weights, 0 components: 0.0000
Input Weights, 0 components: 0.0000
Hidden Weights, 216 components: 0.9871

4. Performing SVD ablation analysis
Accuracy after ablating insignificant components (Addition): 0.88%
Accuracy after ablating all significant components (Addition): 0.88%

5. Performing fourier component ablation analysis
Fourier ablation analysis for Addition:

6. Trigonometric Identity Verification:
Verifying trigonometric identities:

=== Analysis Complete ===
Running main.py on folder: normal_1
PyTorch version: 2.8.0+cu128
CUDA available: True
CUDA version: 12.8
Device count: 1
Device object created: cuda
Tensor created on CPU: cpu
Successfully moved to CUDA: cuda:0
CUDA is working!
Created Modular addition Data

Dataset Information:
  Modulo: 113
  Total samples: 12769
  Train samples: 3830
  Test samples: 8939
  Train factor: 0.3
  Vocabulary size: 114

Sample equations:
  103 + 52 = 42 (mod 113)
  38 + 14 = 52 (mod 113)
  39 + 94 = 20 (mod 113)
  48 + 69 = 4 (mod 113)
  96 + 97 = 80 (mod 113)
RNNModel(
  (embedding): Embedding(114, 256)
  (rnn): RNN(256, 256, batch_first=True)
  (fc): Linear(in_features=256, out_features=114, bias=True)
  (bn): BatchNorm1d(256, eps=1e-05, momentum=0.1, affine=True, track_running_stats=True)
)
Using Cross-Entropy Loss
Starting training for 15000 epochs...
Model reached 100% test accuracy at epoch 6382
Training completed!
=== Fourier Spectrum Analysis Report ===

1. Model performance:
Accuracy on entire dataset: 100.0% 
	 Train set accuracy: 100.0% 
	 Test set accuracy: 100.0%
2. Generating fourier coefficient analysis plots

3. Generating Weight SVD spectrum plots
Expected vocab size: 113, Actual embedding dim: 114
Operation: Addition, Includes zero: True
Fraction of Variance in significant components for Addition:
Embedding Weights, 14 components: 0.6341
Unembedding Weights, 14 components: 0.7110
Input Weights, 14 components: 0.5773
Hidden Weights, 51 components: 0.7745

4. Performing SVD ablation analysis
Accuracy after ablating insignificant components (Addition): 98.15%
Accuracy after ablating all significant components (Addition): 0.88%

5. Performing fourier component ablation analysis
Fourier ablation analysis for Addition:
  Accuracy after ablating:
    Only Freq 1: 74.00%
    Until Freq 1: 74.00%
  Accuracy after ablating:
    Only Freq 2: 80.70%
    Until Freq 2: 49.67%
  Accuracy after ablating:
    Only Freq 3: 81.52%
    Until Freq 3: 26.35%
  Accuracy after ablating:
    Only Freq 4: 81.34%
    Until Freq 4: 9.12%
  Accuracy after ablating:
    Only Freq 5: 93.55%
    Until Freq 5: 2.87%
  Accuracy after ablating:
    Only Freq 6: 96.53%
    Until Freq 6: 1.70%
  Accuracy after ablating:
    Only Freq 7: 97.49%
    Until Freq 7: 0.88%

6. Trigonometric Identity Verification:
Verifying trigonometric identities:
		 Relative Error for components (addition) ('cos 1', 'sin 1'): 7.70E-02
		 Relative Error for components (addition) ('cos 12', 'sin 12'): 1.11E-01
		 Relative Error for components (addition) ('cos 17', 'sin 17'): 4.96E-02
		 Relative Error for components (addition) ('cos 20', 'sin 20'): 7.45E-02
		 Relative Error for components (addition) ('cos 42', 'sin 42'): 4.10E-02
		 Relative Error for components (addition) ('cos 50', 'sin 50'): 3.15E-01
		 Relative Error for components (addition) ('cos 52', 'sin 52'): 3.59E-02

=== Analysis Complete ===
Running main.py on folder: normal_10
PyTorch version: 2.8.0+cu128
CUDA available: True
CUDA version: 12.8
Device count: 1
Device object created: cuda
Tensor created on CPU: cpu
Successfully moved to CUDA: cuda:0
CUDA is working!
Created Modular addition Data

Dataset Information:
  Modulo: 113
  Total samples: 12769
  Train samples: 3830
  Test samples: 8939
  Train factor: 0.3
  Vocabulary size: 114

Sample equations:
  34 + 36 = 70 (mod 113)
  28 + 62 = 90 (mod 113)
  78 + 90 = 55 (mod 113)
  80 + 55 = 22 (mod 113)
  49 + 107 = 43 (mod 113)
RNNModel(
  (embedding): Embedding(114, 256)
  (rnn): RNN(256, 256, batch_first=True)
  (fc): Linear(in_features=256, out_features=114, bias=True)
  (bn): BatchNorm1d(256, eps=1e-05, momentum=0.1, affine=True, track_running_stats=True)
)
Using Cross-Entropy Loss
Starting training for 15000 epochs...
Model reached 100% test accuracy at epoch 6536
Training completed!
=== Fourier Spectrum Analysis Report ===

1. Model performance:
Accuracy on entire dataset: 30.519226251076827% 
	 Train set accuracy: 31.93211488250653% 
	 Test set accuracy: 29.925047544468057%
2. Generating fourier coefficient analysis plots

Warning: base model accuracy is 30.52%
3. Generating Weight SVD spectrum plots
Expected vocab size: 113, Actual embedding dim: 114
Operation: Addition, Includes zero: True
Fraction of Variance in significant components for Addition:
Embedding Weights, 10 components: 0.4988
Unembedding Weights, 10 components: 0.4692
Input Weights, 10 components: 0.3845
Hidden Weights, 256 components: 1.0000

4. Performing SVD ablation analysis
Accuracy after ablating insignificant components (Addition): 15.72%
Accuracy after ablating all significant components (Addition): 0.88%

5. Performing fourier component ablation analysis
Fourier ablation analysis for Addition:
  Accuracy after ablating:
    Only Freq 1: 11.58%
    Until Freq 1: 11.58%
  Accuracy after ablating:
    Only Freq 2: 10.32%
    Until Freq 2: 6.87%
  Accuracy after ablating:
    Only Freq 3: 8.75%
    Until Freq 3: 3.45%
  Accuracy after ablating:
    Only Freq 4: 12.72%
    Until Freq 4: 2.40%
  Accuracy after ablating:
    Only Freq 5: 11.32%
    Until Freq 5: 0.88%

6. Trigonometric Identity Verification:
Verifying trigonometric identities:
		 Relative Error for components (addition) ('cos 1', 'sin 1'): 4.40E-02
		 Relative Error for components (addition) ('cos 5', 'sin 5'): 1.28E-01
		 Relative Error for components (addition) ('cos 26', 'sin 26'): 1.15E-01
		 Relative Error for components (addition) ('cos 28', 'sin 28'): 6.97E-02
		 Relative Error for components (addition) ('cos 41', 'sin 41'): 5.65E-02

=== Analysis Complete ===
Running main.py on folder: normal_2
PyTorch version: 2.8.0+cu128
CUDA available: True
CUDA version: 12.8
Device count: 1
Device object created: cuda
Tensor created on CPU: cpu
Successfully moved to CUDA: cuda:0
CUDA is working!
Created Modular addition Data

Dataset Information:
  Modulo: 113
  Total samples: 12769
  Train samples: 3830
  Test samples: 8939
  Train factor: 0.3
  Vocabulary size: 114

Sample equations:
  71 + 34 = 105 (mod 113)
  93 + 52 = 32 (mod 113)
  7 + 107 = 1 (mod 113)
  49 + 19 = 68 (mod 113)
  34 + 42 = 76 (mod 113)
RNNModel(
  (embedding): Embedding(114, 256)
  (rnn): RNN(256, 256, batch_first=True)
  (fc): Linear(in_features=256, out_features=114, bias=True)
  (bn): BatchNorm1d(256, eps=1e-05, momentum=0.1, affine=True, track_running_stats=True)
)
Using Cross-Entropy Loss
Starting training for 15000 epochs...
Model reached 100% test accuracy at epoch 7824
Training completed!
=== Fourier Spectrum Analysis Report ===

1. Model performance:
Accuracy on entire dataset: 100.0% 
	 Train set accuracy: 100.0% 
	 Test set accuracy: 100.0%
2. Generating fourier coefficient analysis plots

3. Generating Weight SVD spectrum plots
Expected vocab size: 113, Actual embedding dim: 114
Operation: Addition, Includes zero: True
Fraction of Variance in significant components for Addition:
Embedding Weights, 14 components: 0.7171
Unembedding Weights, 14 components: 0.7114
Input Weights, 14 components: 0.7096
Hidden Weights, 48 components: 0.7951

4. Performing SVD ablation analysis
Accuracy after ablating insignificant components (Addition): 94.36%
Accuracy after ablating all significant components (Addition): 0.88%

5. Performing fourier component ablation analysis
Fourier ablation analysis for Addition:
  Accuracy after ablating:
    Only Freq 1: 81.49%
    Until Freq 1: 81.49%
  Accuracy after ablating:
    Only Freq 2: 82.80%
    Until Freq 2: 62.30%
  Accuracy after ablating:
    Only Freq 3: 86.86%
    Until Freq 3: 44.33%
  Accuracy after ablating:
    Only Freq 4: 86.29%
    Until Freq 4: 24.63%
  Accuracy after ablating:
    Only Freq 5: 86.47%
    Until Freq 5: 9.17%
  Accuracy after ablating:
    Only Freq 6: 88.49%
    Until Freq 6: 3.90%
  Accuracy after ablating:
    Only Freq 7: 93.38%
    Until Freq 7: 0.88%

6. Trigonometric Identity Verification:
Verifying trigonometric identities:
		 Relative Error for components (addition) ('cos 1', 'sin 1'): 5.58E-02
		 Relative Error for components (addition) ('cos 4', 'sin 4'): 1.94E-02
		 Relative Error for components (addition) ('cos 21', 'sin 21'): 5.14E-02
		 Relative Error for components (addition) ('cos 27', 'sin 27'): 3.84E-02
		 Relative Error for components (addition) ('cos 36', 'sin 36'): 9.85E-02
		 Relative Error for components (addition) ('cos 47', 'sin 47'): 5.75E-02
		 Relative Error for components (addition) ('cos 52', 'sin 52'): 9.60E-02

=== Analysis Complete ===
Running main.py on folder: normal_3
PyTorch version: 2.8.0+cu128
CUDA available: True
CUDA version: 12.8
Device count: 1
Device object created: cuda
Tensor created on CPU: cpu
Successfully moved to CUDA: cuda:0
CUDA is working!
Created Modular addition Data

Dataset Information:
  Modulo: 113
  Total samples: 12769
  Train samples: 3830
  Test samples: 8939
  Train factor: 0.3
  Vocabulary size: 114

Sample equations:
  70 + 8 = 78 (mod 113)
  75 + 9 = 84 (mod 113)
  71 + 18 = 89 (mod 113)
  28 + 24 = 52 (mod 113)
  109 + 50 = 46 (mod 113)
RNNModel(
  (embedding): Embedding(114, 256)
  (rnn): RNN(256, 256, batch_first=True)
  (fc): Linear(in_features=256, out_features=114, bias=True)
  (bn): BatchNorm1d(256, eps=1e-05, momentum=0.1, affine=True, track_running_stats=True)
)
Using Cross-Entropy Loss
Starting training for 15000 epochs...
Model reached 100% test accuracy at epoch 5931
Training completed!
=== Fourier Spectrum Analysis Report ===

1. Model performance:
Accuracy on entire dataset: 100.0% 
	 Train set accuracy: 100.0% 
	 Test set accuracy: 100.0%
2. Generating fourier coefficient analysis plots

3. Generating Weight SVD spectrum plots
Expected vocab size: 113, Actual embedding dim: 114
Operation: Addition, Includes zero: True
Fraction of Variance in significant components for Addition:
Embedding Weights, 12 components: 0.5935
Unembedding Weights, 12 components: 0.6757
Input Weights, 12 components: 0.5192
Hidden Weights, 48 components: 0.7409

4. Performing SVD ablation analysis
Accuracy after ablating insignificant components (Addition): 99.46%
Accuracy after ablating all significant components (Addition): 0.88%

5. Performing fourier component ablation analysis
Fourier ablation analysis for Addition:
  Accuracy after ablating:
    Only Freq 1: 84.16%
    Until Freq 1: 84.16%
  Accuracy after ablating:
    Only Freq 2: 86.55%
    Until Freq 2: 62.62%
  Accuracy after ablating:
    Only Freq 3: 86.66%
    Until Freq 3: 35.36%
  Accuracy after ablating:
    Only Freq 4: 89.85%
    Until Freq 4: 15.15%
  Accuracy after ablating:
    Only Freq 5: 88.75%
    Until Freq 5: 5.25%
  Accuracy after ablating:
    Only Freq 6: 95.83%
    Until Freq 6: 0.88%

6. Trigonometric Identity Verification:
Verifying trigonometric identities:
		 Relative Error for components (addition) ('cos 1', 'sin 1'): 6.74E-02
		 Relative Error for components (addition) ('cos 6', 'sin 6'): 9.26E-02
		 Relative Error for components (addition) ('cos 36', 'sin 36'): 1.99E-02
		 Relative Error for components (addition) ('cos 46', 'sin 46'): 9.11E-02
		 Relative Error for components (addition) ('cos 48', 'sin 48'): 6.42E-02
		 Relative Error for components (addition) ('cos 51', 'sin 51'): 3.48E-02

=== Analysis Complete ===
Running main.py on folder: normal_4
PyTorch version: 2.8.0+cu128
CUDA available: True
CUDA version: 12.8
Device count: 1
Device object created: cuda
Tensor created on CPU: cpu
Successfully moved to CUDA: cuda:0
CUDA is working!
Created Modular addition Data

Dataset Information:
  Modulo: 113
  Total samples: 12769
  Train samples: 3830
  Test samples: 8939
  Train factor: 0.3
  Vocabulary size: 114

Sample equations:
  97 + 68 = 52 (mod 113)
  65 + 14 = 79 (mod 113)
  26 + 84 = 110 (mod 113)
  30 + 15 = 45 (mod 113)
  110 + 78 = 75 (mod 113)
RNNModel(
  (embedding): Embedding(114, 256)
  (rnn): RNN(256, 256, batch_first=True)
  (fc): Linear(in_features=256, out_features=114, bias=True)
  (bn): BatchNorm1d(256, eps=1e-05, momentum=0.1, affine=True, track_running_stats=True)
)
Using Cross-Entropy Loss
Starting training for 15000 epochs...
Model reached 100% test accuracy at epoch 6810
Training completed!
=== Fourier Spectrum Analysis Report ===

1. Model performance:
Accuracy on entire dataset: 100.0% 
	 Train set accuracy: 100.0% 
	 Test set accuracy: 100.0%
2. Generating fourier coefficient analysis plots

3. Generating Weight SVD spectrum plots
Expected vocab size: 113, Actual embedding dim: 114
Operation: Addition, Includes zero: True
Fraction of Variance in significant components for Addition:
Embedding Weights, 11 components: 0.5999
Unembedding Weights, 11 components: 0.5554
Input Weights, 11 components: 0.5462
Hidden Weights, 47 components: 0.7128

4. Performing SVD ablation analysis
Accuracy after ablating insignificant components (Addition): 96.48%
Accuracy after ablating all significant components (Addition): 0.88%

5. Performing fourier component ablation analysis
Fourier ablation analysis for Addition:
  Accuracy after ablating:
    Only Freq 1: 63.47%
    Until Freq 1: 63.47%
  Accuracy after ablating:
    Only Freq 2: 67.91%
    Until Freq 2: 34.06%
  Accuracy after ablating:
    Only Freq 3: 70.91%
    Until Freq 3: 13.00%
  Accuracy after ablating:
    Only Freq 4: 69.51%
    Until Freq 4: 3.12%
  Accuracy after ablating:
    Only Freq 5: 84.60%
    Until Freq 5: 1.89%

6. Trigonometric Identity Verification:
Verifying trigonometric identities:
		 Relative Error for components (addition) ('cos 11', 'sin 11'): 6.63E-02
		 Relative Error for components (addition) ('sin 22', 'cos 26'): 8.96E-01
		 Relative Error for components (addition) ('sin 26', 'cos 44'): 9.22E-01
		 Relative Error for components (addition) ('sin 44', 'cos 46'): 1.05E+00
		 Relative Error for components (addition) ('sin 46', 'cos 53'): 1.44E+00

=== Analysis Complete ===
Running main.py on folder: normal_5
PyTorch version: 2.8.0+cu128
CUDA available: True
CUDA version: 12.8
Device count: 1
Device object created: cuda
Tensor created on CPU: cpu
Successfully moved to CUDA: cuda:0
CUDA is working!
Created Modular addition Data

Dataset Information:
  Modulo: 113
  Total samples: 12769
  Train samples: 3830
  Test samples: 8939
  Train factor: 0.3
  Vocabulary size: 114

Sample equations:
  2 + 26 = 28 (mod 113)
  17 + 37 = 54 (mod 113)
  49 + 102 = 38 (mod 113)
  77 + 98 = 62 (mod 113)
  13 + 55 = 68 (mod 113)
RNNModel(
  (embedding): Embedding(114, 256)
  (rnn): RNN(256, 256, batch_first=True)
  (fc): Linear(in_features=256, out_features=114, bias=True)
  (bn): BatchNorm1d(256, eps=1e-05, momentum=0.1, affine=True, track_running_stats=True)
)
Using Cross-Entropy Loss
Starting training for 15000 epochs...
Model reached 100% test accuracy at epoch 7272
Training completed!
=== Fourier Spectrum Analysis Report ===

1. Model performance:
Accuracy on entire dataset: 100.0% 
	 Train set accuracy: 100.0% 
	 Test set accuracy: 100.0%
2. Generating fourier coefficient analysis plots

3. Generating Weight SVD spectrum plots
Expected vocab size: 113, Actual embedding dim: 114
Operation: Addition, Includes zero: True
Fraction of Variance in significant components for Addition:
Embedding Weights, 10 components: 0.7500
Unembedding Weights, 10 components: 0.6501
Input Weights, 10 components: 0.7491
Hidden Weights, 42 components: 0.7799

4. Performing SVD ablation analysis
Accuracy after ablating insignificant components (Addition): 100.00%
Accuracy after ablating all significant components (Addition): 0.88%

5. Performing fourier component ablation analysis
Fourier ablation analysis for Addition:
  Accuracy after ablating:
    Only Freq 1: 89.42%
    Until Freq 1: 89.42%
  Accuracy after ablating:
    Only Freq 2: 93.57%
    Until Freq 2: 88.93%
  Accuracy after ablating:
    Only Freq 3: 89.72%
    Until Freq 3: 21.97%
  Accuracy after ablating:
    Only Freq 4: 99.63%
    Until Freq 4: 8.26%
  Accuracy after ablating:
    Only Freq 5: 99.31%
    Until Freq 5: 0.88%

6. Trigonometric Identity Verification:
Verifying trigonometric identities:
		 Relative Error for components (addition) ('cos 11', 'sin 11'): 4.26E-02
		 Relative Error for components (addition) ('cos 22', 'sin 22'): 2.03E-02
		 Relative Error for components (addition) ('cos 40', 'sin 40'): 1.87E-02
		 Relative Error for components (addition) ('cos 41', 'sin 41'): 2.04E-02
		 Relative Error for components (addition) ('cos 46', 'sin 46'): 1.04E-02

=== Analysis Complete ===
Running main.py on folder: normal_6
PyTorch version: 2.8.0+cu128
CUDA available: True
CUDA version: 12.8
Device count: 1
Device object created: cuda
Tensor created on CPU: cpu
Successfully moved to CUDA: cuda:0
CUDA is working!
Created Modular addition Data

Dataset Information:
  Modulo: 113
  Total samples: 12769
  Train samples: 3830
  Test samples: 8939
  Train factor: 0.3
  Vocabulary size: 114

Sample equations:
  97 + 26 = 10 (mod 113)
  77 + 74 = 38 (mod 113)
  50 + 42 = 92 (mod 113)
  85 + 100 = 72 (mod 113)
  24 + 47 = 71 (mod 113)
RNNModel(
  (embedding): Embedding(114, 256)
  (rnn): RNN(256, 256, batch_first=True)
  (fc): Linear(in_features=256, out_features=114, bias=True)
  (bn): BatchNorm1d(256, eps=1e-05, momentum=0.1, affine=True, track_running_stats=True)
)
Using Cross-Entropy Loss
Starting training for 15000 epochs...
Training completed!
=== Fourier Spectrum Analysis Report ===

1. Model performance:
Accuracy on entire dataset: 99.99216853316626% 
	 Train set accuracy: 100.0% 
	 Test set accuracy: 99.98881306633851%
2. Generating fourier coefficient analysis plots

Warning: base model accuracy is 99.99%
3. Generating Weight SVD spectrum plots
Expected vocab size: 113, Actual embedding dim: 114
Operation: Addition, Includes zero: True
Fraction of Variance in significant components for Addition:
Embedding Weights, 12 components: 0.7144
Unembedding Weights, 12 components: 0.6318
Input Weights, 12 components: 0.7041
Hidden Weights, 256 components: 1.0000

4. Performing SVD ablation analysis
Accuracy after ablating insignificant components (Addition): 99.98%
Accuracy after ablating all significant components (Addition): 0.88%

5. Performing fourier component ablation analysis
Fourier ablation analysis for Addition:
  Accuracy after ablating:
    Only Freq 1: 89.55%
    Until Freq 1: 89.55%
  Accuracy after ablating:
    Only Freq 2: 92.61%
    Until Freq 2: 70.04%
  Accuracy after ablating:
    Only Freq 3: 93.89%
    Until Freq 3: 45.28%
  Accuracy after ablating:
    Only Freq 4: 98.75%
    Until Freq 4: 18.73%
  Accuracy after ablating:
    Only Freq 5: 97.74%
    Until Freq 5: 4.42%
  Accuracy after ablating:
    Only Freq 6: 99.64%
    Until Freq 6: 0.88%

6. Trigonometric Identity Verification:
Verifying trigonometric identities:
		 Relative Error for components (addition) ('cos 6', 'sin 6'): 1.65E-02
		 Relative Error for components (addition) ('cos 22', 'sin 22'): 1.73E-02
		 Relative Error for components (addition) ('cos 36', 'sin 36'): 4.78E-02
		 Relative Error for components (addition) ('cos 40', 'sin 40'): 2.15E-02
		 Relative Error for components (addition) ('cos 42', 'sin 42'): 1.92E-01
		 Relative Error for components (addition) ('cos 56', 'sin 56'): 2.10E-02

=== Analysis Complete ===
Running main.py on folder: normal_7
PyTorch version: 2.8.0+cu128
CUDA available: True
CUDA version: 12.8
Device count: 1
Device object created: cuda
Tensor created on CPU: cpu
Successfully moved to CUDA: cuda:0
CUDA is working!
Created Modular addition Data

Dataset Information:
  Modulo: 113
  Total samples: 12769
  Train samples: 3830
  Test samples: 8939
  Train factor: 0.3
  Vocabulary size: 114

Sample equations:
  0 + 101 = 101 (mod 113)
  97 + 35 = 19 (mod 113)
  69 + 93 = 49 (mod 113)
  5 + 88 = 93 (mod 113)
  70 + 72 = 29 (mod 113)
RNNModel(
  (embedding): Embedding(114, 256)
  (rnn): RNN(256, 256, batch_first=True)
  (fc): Linear(in_features=256, out_features=114, bias=True)
  (bn): BatchNorm1d(256, eps=1e-05, momentum=0.1, affine=True, track_running_stats=True)
)
Using Cross-Entropy Loss
Starting training for 15000 epochs...
Model reached 100% test accuracy at epoch 6355
Training completed!
=== Fourier Spectrum Analysis Report ===

1. Model performance:
Accuracy on entire dataset: 100.0% 
	 Train set accuracy: 100.0% 
	 Test set accuracy: 100.0%
2. Generating fourier coefficient analysis plots

3. Generating Weight SVD spectrum plots
Expected vocab size: 113, Actual embedding dim: 114
Operation: Addition, Includes zero: True
Fraction of Variance in significant components for Addition:
Embedding Weights, 10 components: 0.5553
Unembedding Weights, 10 components: 0.6445
Input Weights, 10 components: 0.4688
Hidden Weights, 46 components: 0.7198

4. Performing SVD ablation analysis
Accuracy after ablating insignificant components (Addition): 99.96%
Accuracy after ablating all significant components (Addition): 0.88%

5. Performing fourier component ablation analysis
Fourier ablation analysis for Addition:
  Accuracy after ablating:
    Only Freq 1: 66.78%
    Until Freq 1: 66.78%
  Accuracy after ablating:
    Only Freq 2: 83.78%
    Until Freq 2: 45.18%
  Accuracy after ablating:
    Only Freq 3: 84.65%
    Until Freq 3: 17.75%
  Accuracy after ablating:
    Only Freq 4: 88.10%
    Until Freq 4: 4.35%
  Accuracy after ablating:
    Only Freq 5: 88.93%
    Until Freq 5: 0.88%

6. Trigonometric Identity Verification:
Verifying trigonometric identities:
		 Relative Error for components (addition) ('cos 8', 'sin 8'): 8.15E-02
		 Relative Error for components (addition) ('cos 15', 'sin 15'): 3.75E-02
		 Relative Error for components (addition) ('cos 22', 'sin 22'): 3.92E-02
		 Relative Error for components (addition) ('cos 31', 'sin 31'): 3.23E-02
		 Relative Error for components (addition) ('cos 55', 'sin 55'): 2.57E-02

=== Analysis Complete ===
Running main.py on folder: normal_8
PyTorch version: 2.8.0+cu128
CUDA available: True
CUDA version: 12.8
Device count: 1
Device object created: cuda
Tensor created on CPU: cpu
Successfully moved to CUDA: cuda:0
CUDA is working!
Created Modular addition Data

Dataset Information:
  Modulo: 113
  Total samples: 12769
  Train samples: 3830
  Test samples: 8939
  Train factor: 0.3
  Vocabulary size: 114

Sample equations:
  9 + 65 = 74 (mod 113)
  23 + 71 = 94 (mod 113)
  53 + 47 = 100 (mod 113)
  93 + 7 = 100 (mod 113)
  83 + 81 = 51 (mod 113)
RNNModel(
  (embedding): Embedding(114, 256)
  (rnn): RNN(256, 256, batch_first=True)
  (fc): Linear(in_features=256, out_features=114, bias=True)
  (bn): BatchNorm1d(256, eps=1e-05, momentum=0.1, affine=True, track_running_stats=True)
)
Using Cross-Entropy Loss
Starting training for 15000 epochs...
Model reached 100% test accuracy at epoch 8148
Training completed!
=== Fourier Spectrum Analysis Report ===

1. Model performance:
Accuracy on entire dataset: 100.0% 
	 Train set accuracy: 100.0% 
	 Test set accuracy: 100.0%
2. Generating fourier coefficient analysis plots

3. Generating Weight SVD spectrum plots
Expected vocab size: 113, Actual embedding dim: 114
Operation: Addition, Includes zero: True
Fraction of Variance in significant components for Addition:
Embedding Weights, 14 components: 0.7332
Unembedding Weights, 14 components: 0.7448
Input Weights, 14 components: 0.7381
Hidden Weights, 45 components: 0.8059

4. Performing SVD ablation analysis
Accuracy after ablating insignificant components (Addition): 100.00%
Accuracy after ablating all significant components (Addition): 0.88%

5. Performing fourier component ablation analysis
Fourier ablation analysis for Addition:
  Accuracy after ablating:
    Only Freq 1: 95.17%
    Until Freq 1: 95.17%
  Accuracy after ablating:
    Only Freq 2: 91.78%
    Until Freq 2: 74.10%
  Accuracy after ablating:
    Only Freq 3: 93.81%
    Until Freq 3: 41.90%
  Accuracy after ablating:
    Only Freq 4: 98.42%
    Until Freq 4: 24.58%
  Accuracy after ablating:
    Only Freq 5: 98.54%
    Until Freq 5: 10.51%
  Accuracy after ablating:
    Only Freq 6: 99.55%
    Until Freq 6: 3.27%
  Accuracy after ablating:
    Only Freq 7: 100.00%
    Until Freq 7: 0.88%

6. Trigonometric Identity Verification:
Verifying trigonometric identities:
		 Relative Error for components (addition) ('cos 17', 'sin 17'): 1.26E-01
		 Relative Error for components (addition) ('cos 27', 'sin 27'): 6.68E-02
		 Relative Error for components (addition) ('cos 28', 'sin 28'): 9.22E-03
		 Relative Error for components (addition) ('cos 32', 'sin 32'): 3.81E-02
		 Relative Error for components (addition) ('cos 42', 'sin 42'): 3.74E-02
		 Relative Error for components (addition) ('cos 50', 'sin 50'): 3.93E-02
		 Relative Error for components (addition) ('cos 54', 'sin 54'): 5.79E-02

=== Analysis Complete ===
Running main.py on folder: normal_9
PyTorch version: 2.8.0+cu128
CUDA available: True
CUDA version: 12.8
Device count: 1
Device object created: cuda
Tensor created on CPU: cpu
Successfully moved to CUDA: cuda:0
CUDA is working!
Created Modular addition Data

Dataset Information:
  Modulo: 113
  Total samples: 12769
  Train samples: 3830
  Test samples: 8939
  Train factor: 0.3
  Vocabulary size: 114

Sample equations:
  77 + 56 = 20 (mod 113)
  48 + 49 = 97 (mod 113)
  91 + 59 = 37 (mod 113)
  13 + 17 = 30 (mod 113)
  97 + 67 = 51 (mod 113)
RNNModel(
  (embedding): Embedding(114, 256)
  (rnn): RNN(256, 256, batch_first=True)
  (fc): Linear(in_features=256, out_features=114, bias=True)
  (bn): BatchNorm1d(256, eps=1e-05, momentum=0.1, affine=True, track_running_stats=True)
)
Using Cross-Entropy Loss
Starting training for 15000 epochs...
Model reached 100% test accuracy at epoch 5992
Training completed!
=== Fourier Spectrum Analysis Report ===

1. Model performance:
Accuracy on entire dataset: 100.0% 
	 Train set accuracy: 100.0% 
	 Test set accuracy: 100.0%
2. Generating fourier coefficient analysis plots

3. Generating Weight SVD spectrum plots
Expected vocab size: 113, Actual embedding dim: 114
Operation: Addition, Includes zero: True
Fraction of Variance in significant components for Addition:
Embedding Weights, 12 components: 0.6074
Unembedding Weights, 12 components: 0.5969
Input Weights, 12 components: 0.5402
Hidden Weights, 52 components: 0.7221

4. Performing SVD ablation analysis
Accuracy after ablating insignificant components (Addition): 91.10%
Accuracy after ablating all significant components (Addition): 0.88%

5. Performing fourier component ablation analysis
Fourier ablation analysis for Addition:
  Accuracy after ablating:
    Only Freq 1: 56.34%
    Until Freq 1: 56.34%
  Accuracy after ablating:
    Only Freq 2: 64.23%
    Until Freq 2: 33.62%
  Accuracy after ablating:
    Only Freq 3: 68.36%
    Until Freq 3: 15.05%
  Accuracy after ablating:
    Only Freq 4: 75.57%
    Until Freq 4: 4.39%
  Accuracy after ablating:
    Only Freq 5: 82.49%
    Until Freq 5: 2.28%
  Accuracy after ablating:
    Only Freq 6: 81.85%
    Until Freq 6: 0.88%

6. Trigonometric Identity Verification:
Verifying trigonometric identities:
		 Relative Error for components (addition) ('cos 5', 'sin 5'): 5.31E-02
		 Relative Error for components (addition) ('cos 9', 'sin 9'): 1.00E-01
		 Relative Error for components (addition) ('cos 13', 'sin 13'): 8.82E-02
		 Relative Error for components (addition) ('cos 14', 'sin 14'): 4.70E-02
		 Relative Error for components (addition) ('cos 16', 'sin 16'): 5.35E-02
		 Relative Error for components (addition) ('cos 41', 'sin 41'): 3.18E-02

=== Analysis Complete ===
Finished all experiments
