Python 3.12.3
PyTorch version: 2.8.0+cu128
CUDA available: True
CUDA version: 12.8
Device count: 1
Device object created: cuda
Tensor created on CPU: cpu
Successfully moved to CUDA: cuda:0
CUDA is working!
Created Modular addition Data

Dataset Information:
  Modulo: 79
  Total samples: 6241
  Train samples: 1872
  Test samples: 4369
  Train factor: 0.3
  Vocabulary size: 80

Sample equations:
  13 + 42 = 55 (mod 79)
  30 + 18 = 48 (mod 79)
  61 + 56 = 38 (mod 79)
  72 + 43 = 36 (mod 79)
  68 + 68 = 57 (mod 79)
TransformerModel(
  (embedding): Embedding(80, 256)
  (pos_embedding): Embedding(128, 256)
  (encoder): TransformerEncoder(
    (layers): ModuleList(
      (0): TransformerEncoderLayer(
        (self_attn): MultiheadAttention(
          (out_proj): NonDynamicallyQuantizableLinear(in_features=256, out_features=256, bias=True)
        )
        (linear1): Linear(in_features=256, out_features=512, bias=True)
        (dropout): Dropout(p=0.0, inplace=False)
        (linear2): Linear(in_features=512, out_features=256, bias=True)
        (norm1): LayerNorm((256,), eps=1e-05, elementwise_affine=True)
        (norm2): LayerNorm((256,), eps=1e-05, elementwise_affine=True)
        (dropout1): Dropout(p=0.0, inplace=False)
        (dropout2): Dropout(p=0.0, inplace=False)
      )
    )
  )
  (ln_out): LayerNorm((256,), eps=1e-05, elementwise_affine=True)
  (dropout): Dropout(p=0.0, inplace=False)
  (fc): Linear(in_features=256, out_features=80, bias=True)
)
Using Cross-Entropy Loss
Starting training for 15000 epochs...
Model reached 99.9% test accuracy at epoch 4884
Training completed!
Accuracy on entire dataset: 99.95193078032366% 
	 Train set accuracy: 100.0% 
	 Test set accuracy: 99.93133440146487%
Frequency Indices: [-1 12 13 24 25 26 27]
=== Fourier Spectrum Analysis Report ===

1. Model performance:
Accuracy on entire dataset: 99.95193078032366% 
	 Train set accuracy: 100.0% 
	 Test set accuracy: 99.93133440146487%
2. Generating fourier coefficient analysis plots

3. Generating Weight SVD spectrum plots
Expected vocab size: 79, Actual embedding dim: 80
Operation: Addition, Includes zero: True
Fraction of Variance in significant components for Addition:
Embedding Weights, 6 components: 0.6378
Unembedding Weights, 6 components: 0.8477

4. Performing SVD ablation analysis
Accuracy after ablating insignificant components (Addition): 57.04%
Accuracy after ablating all significant components (Addition): 1.43%

5. Performing fourier component ablation analysis
Fourier ablation analysis for Addition:
  Accuracy after ablating:
    Only Freq 1: 14.37%
    Until Freq 1: 14.37%
  Accuracy after ablating:
    Only Freq 2: 18.27%
    Until Freq 2: 5.46%
  Accuracy after ablating:
    Only Freq 3: 37.37%
    Until Freq 3: 1.27%

6. Trigonometric Identity Verification:
Verifying trigonometric identities:
		 Relative Error for components ('cos 7', 'sin 7'): 2.80E-02
		 Relative Error for components ('cos 13', 'sin 13'): 2.52E-02
		 Relative Error for components ('cos 14', 'sin 14'): 1.03E-02

=== Analysis Complete ===
Finished all experiments
