Python 3.12.3
PyTorch version: 2.8.0+cu128
CUDA available: True
CUDA version: 12.8
Device count: 1
Device object created: cuda
Tensor created on CPU: cpu
Successfully moved to CUDA: cuda:0
CUDA is working!
Created Modular multiplication Data

Dataset Information:
  Modulo: 151
  Total samples: 22500
  Train samples: 6750
  Test samples: 15750
  Train factor: 0.3
  Vocabulary size: 151

Sample equations:
  1 * 43 = 43 (mod 151)
  121 * 125 = 25 (mod 151)
  83 * 69 = 140 (mod 151)
  10 * 128 = 72 (mod 151)
  44 * 93 = 15 (mod 151)
SSM(
  (embedding): Embedding(151, 151)
  (s4_layer): S4Layer(d_model=151, n=256, l_max=3)
  (bn): BatchNorm1d(151, eps=1e-05, momentum=0.1, affine=True, track_running_stats=True)
  (activation): ReLU()
  (fc): Linear(in_features=151, out_features=151, bias=True)
)
Using Cross-Entropy Loss
Starting training for 5000 epochs...
Training completed!
Accuracy on entire dataset: 99.23111111111112% 
	 Train set accuracy: 100.0% 
	 Test set accuracy: 98.9015873015873%
Frequency Indices: [ -1   5  10  22  23  28  29  34  35  40  41  47  58  59  64  65  70  71
  76  77  82  83  94  95 113 130 131 137 148 149]
=== Fourier Spectrum Analysis Report ===

1. Model performance:
Accuracy on entire dataset: 99.23111111111112% 
	 Train set accuracy: 100.0% 
	 Test set accuracy: 98.9015873015873%
2. Generating fourier coefficient analysis plots
Finished all experiments
