Python 3.12.3
PyTorch version: 2.8.0+cu128
CUDA available: True
CUDA version: 12.8
Device count: 1
Device object created: cuda
Tensor created on CPU: cpu
Successfully moved to CUDA: cuda:0
CUDA is working!
Created Modular subtraction Data

Dataset Information:
  Modulo: 113
  Total samples: 12769
  Train samples: 3830
  Test samples: 8939
  Train factor: 0.3
  Vocabulary size: 114

Sample equations:
  103 - 52 = 51 (mod 113)
  38 - 14 = 24 (mod 113)
  39 - 94 = 58 (mod 113)
  48 - 69 = 92 (mod 113)
  96 - 97 = 112 (mod 113)
RNNModel(
  (embedding): Embedding(114, 256)
  (rnn): RNN(256, 256, batch_first=True)
  (fc): Linear(in_features=256, out_features=114, bias=True)
  (bn): BatchNorm1d(256, eps=1e-05, momentum=0.1, affine=True, track_running_stats=True)
)
Using Cross-Entropy Loss
Starting training for 30000 epochs...
Model reached 99.9% test accuracy at epoch 7380
Training completed!
=== Fourier Spectrum Analysis Report ===

1. Model performance:
Accuracy on entire dataset: 100.0% 
	 Train set accuracy: 100.0% 
	 Test set accuracy: 100.0%
2. Generating fourier coefficient analysis plots

3. Generating Weight SVD spectrum plots
Expected vocab size: 113, Actual embedding dim: 114
Operation: Subtraction, Includes zero: True
Fraction of Variance in significant components for Subtraction:
Embedding Weights, 12 components: 0.6395
Unembedding Weights, 12 components: 0.8308
Input Weights, 12 components: 0.6106
Hidden Weights, 37 components: 0.7566

4. Performing SVD ablation analysis
Accuracy after ablating insignificant components (Subtraction): 99.97%
Accuracy after ablating all significant components (Subtraction): 0.88%

5. Performing fourier component ablation analysis
Fourier ablation analysis for Subtraction:
  Accuracy after ablating:
    Only Freq 1: 84.53%
    Until Freq 1: 84.53%
  Accuracy after ablating:
    Only Freq 2: 86.63%
    Until Freq 2: 49.26%
  Accuracy after ablating:
    Only Freq 3: 88.80%
    Until Freq 3: 23.38%
  Accuracy after ablating:
    Only Freq 4: 92.36%
    Until Freq 4: 10.89%
  Accuracy after ablating:
    Only Freq 5: 94.34%
    Until Freq 5: 3.01%
  Accuracy after ablating:
    Only Freq 6: 98.59%
    Until Freq 6: 0.88%

6. Trigonometric Identity Verification:
Verifying trigonometric identities:
		 Relative Error for components ('cos 1', 'sin 1'): 4.89E-02
		 Relative Error for components ('cos 11', 'sin 11'): 3.55E-02
		 Relative Error for components ('cos 31', 'sin 31'): 2.24E-02
		 Relative Error for components ('cos 46', 'sin 46'): 3.57E-02
		 Relative Error for components ('cos 53', 'sin 53'): 5.00E-02
		 Relative Error for components ('cos 54', 'sin 54'): 2.18E-02

=== Analysis Complete ===
Finished all experiments
