Python 3.12.3
Created Modular addition Data

Dataset Information:
  Modulo: 113
  Total samples: 12769
  Train samples: 3830
  Test samples: 8939
  Train factor: 0.3
  Vocabulary size: 114

Sample equations:
  103 + 52 = 42 (mod 113)
  38 + 14 = 52 (mod 113)
  39 + 94 = 20 (mod 113)
  48 + 69 = 4 (mod 113)
  96 + 97 = 80 (mod 113)
SSM(
  (embedding): Embedding(114, 256)
  (s4_layer): S4Layer(d_model=256, n=64, l_max=3)
  (bn): BatchNorm1d(256, eps=1e-05, momentum=0.1, affine=True, track_running_stats=True)
  (activation): ReLU()
  (fc): Linear(in_features=256, out_features=113, bias=True)
)
Using Cross-Entropy Loss
Starting training for 10000 epochs...
Training completed!
=== Fourier Spectrum Analysis Report ===

1. Model performance:
Accuracy on entire dataset: 100.0% 
	 Train set accuracy: 100.0% 
	 Test set accuracy: 100.0%
2. Generating fourier coefficient analysis plots
Finished all experiments
