Python 3.12.3
Running main.py on folder: fr1
PyTorch version: 2.8.0+cu128
CUDA available: True
CUDA version: 12.8
Device count: 1
Device object created: cuda
Tensor created on CPU: cpu
Successfully moved to CUDA: cuda:0
CUDA is working!
Created Modular division Data

Dataset Information:
  Modulo: 79
  Total samples: 6084
  Train samples: 1825
  Test samples: 4259
  Train factor: 0.3
  Vocabulary size: 79

Sample equations:
  47 ÷ 19 = 69 (mod 79)
  55 ÷ 76 = 8 (mod 79)
  31 ÷ 35 = 37 (mod 79)
  55 ÷ 8 = 76 (mod 79)
  14 ÷ 57 = 64 (mod 79)
TransformerModel(
  (embedding): Embedding(79, 256)
  (pos_embedding): Embedding(128, 256)
  (encoder): TransformerEncoder(
    (layers): ModuleList(
      (0): TransformerEncoderLayer(
        (self_attn): MultiheadAttention(
          (out_proj): NonDynamicallyQuantizableLinear(in_features=256, out_features=256, bias=True)
        )
        (linear1): Linear(in_features=256, out_features=512, bias=True)
        (dropout): Dropout(p=0.0, inplace=False)
        (linear2): Linear(in_features=512, out_features=256, bias=True)
        (norm1): LayerNorm((256,), eps=1e-05, elementwise_affine=True)
        (norm2): LayerNorm((256,), eps=1e-05, elementwise_affine=True)
        (dropout1): Dropout(p=0.0, inplace=False)
        (dropout2): Dropout(p=0.0, inplace=False)
      )
    )
  )
  (ln_out): LayerNorm((256,), eps=1e-05, elementwise_affine=True)
  (dropout): Dropout(p=0.0, inplace=False)
  (fc): Linear(in_features=256, out_features=79, bias=False)
)
Using Cross-Entropy Loss w/ regularization term on W_e
Starting training for 15000 epochs...
Training completed!
Accuracy on entire dataset: 52.531229454306384% 
	 Train set accuracy: 100.0% 
	 Test set accuracy: 32.1906550833529%
Frequency Indices: [ 2  3 62 63]
=== Fourier Spectrum Analysis Report ===

1. Model performance:
Accuracy on entire dataset: 52.531229454306384% 
	 Train set accuracy: 100.0% 
	 Test set accuracy: 32.1906550833529%
2. Generating fourier coefficient analysis plots

3. Generating Weight SVD spectrum plots
Expected vocab size: 78, Actual embedding dim: 79
Operation: Division, Includes zero: False
Fraction of Variance in significant components for Division:
Embedding Weights, 4 components: 0.3394
Unembedding Weights, 4 components: 0.3394

4. Performing SVD ablation analysis
Accuracy after ablating insignificant components (Division): 17.52%
Accuracy after ablating all significant components (Division): 1.25%

5. Performing fourier component ablation analysis
Fourier ablation analysis for Division:
  Accuracy after ablating:
    Only Freq 1: 2.17%
    Until Freq 1: 2.17%
  Accuracy after ablating:
    Only Freq 2: 2.35%
    Until Freq 2: 1.28%

6. Trigonometric Identity Verification:
Verifying trigonometric identities:
		 Relative Error for components ('cos 2', 'sin 2'): 2.38E-02
		 Relative Error for components ('cos 32', 'sin 32'): 4.64E-02

=== Analysis Complete ===
Running main.py on folder: fr2
PyTorch version: 2.8.0+cu128
CUDA available: True
CUDA version: 12.8
Device count: 1
Device object created: cuda
Tensor created on CPU: cpu
Successfully moved to CUDA: cuda:0
CUDA is working!
Created Modular division Data

Dataset Information:
  Modulo: 79
  Total samples: 6084
  Train samples: 1825
  Test samples: 4259
  Train factor: 0.3
  Vocabulary size: 79

Sample equations:
  13 ÷ 5 = 50 (mod 79)
  19 ÷ 44 = 13 (mod 79)
  52 ÷ 64 = 65 (mod 79)
  76 ÷ 44 = 52 (mod 79)
  47 ÷ 22 = 56 (mod 79)
TransformerModel(
  (embedding): Embedding(79, 256)
  (pos_embedding): Embedding(128, 256)
  (encoder): TransformerEncoder(
    (layers): ModuleList(
      (0): TransformerEncoderLayer(
        (self_attn): MultiheadAttention(
          (out_proj): NonDynamicallyQuantizableLinear(in_features=256, out_features=256, bias=True)
        )
        (linear1): Linear(in_features=256, out_features=512, bias=True)
        (dropout): Dropout(p=0.0, inplace=False)
        (linear2): Linear(in_features=512, out_features=256, bias=True)
        (norm1): LayerNorm((256,), eps=1e-05, elementwise_affine=True)
        (norm2): LayerNorm((256,), eps=1e-05, elementwise_affine=True)
        (dropout1): Dropout(p=0.0, inplace=False)
        (dropout2): Dropout(p=0.0, inplace=False)
      )
    )
  )
  (ln_out): LayerNorm((256,), eps=1e-05, elementwise_affine=True)
  (dropout): Dropout(p=0.0, inplace=False)
  (fc): Linear(in_features=256, out_features=79, bias=False)
)
Using Cross-Entropy Loss w/ regularization term on W_e
Starting training for 15000 epochs...
Training completed!
Accuracy on entire dataset: 46.35108481262327% 
	 Train set accuracy: 100.0% 
	 Test set accuracy: 23.362291617750646%
Frequency Indices: [22 23 74 75]
=== Fourier Spectrum Analysis Report ===

1. Model performance:
Accuracy on entire dataset: 46.35108481262327% 
	 Train set accuracy: 100.0% 
	 Test set accuracy: 23.362291617750646%
2. Generating fourier coefficient analysis plots

3. Generating Weight SVD spectrum plots
Expected vocab size: 78, Actual embedding dim: 79
Operation: Division, Includes zero: False
Fraction of Variance in significant components for Division:
Embedding Weights, 4 components: 0.3848
Unembedding Weights, 4 components: 0.3848

4. Performing SVD ablation analysis
Accuracy after ablating insignificant components (Division): 14.43%
Accuracy after ablating all significant components (Division): 1.35%

5. Performing fourier component ablation analysis
Fourier ablation analysis for Division:
  Accuracy after ablating:
    Only Freq 1: 3.04%
    Until Freq 1: 3.04%
  Accuracy after ablating:
    Only Freq 2: 1.56%
    Until Freq 2: 1.28%

6. Trigonometric Identity Verification:
Verifying trigonometric identities:
		 Relative Error for components ('cos 12', 'sin 12'): 2.28E-02
		 Relative Error for components ('cos 38', 'sin 38'): 6.45E-02

=== Analysis Complete ===
Running main.py on folder: fr3
PyTorch version: 2.8.0+cu128
CUDA available: True
CUDA version: 12.8
Device count: 1
Device object created: cuda
Tensor created on CPU: cpu
Successfully moved to CUDA: cuda:0
CUDA is working!
Created Modular division Data

Dataset Information:
  Modulo: 79
  Total samples: 6084
  Train samples: 1825
  Test samples: 4259
  Train factor: 0.3
  Vocabulary size: 79

Sample equations:
  28 ÷ 59 = 46 (mod 79)
  55 ÷ 73 = 4 (mod 79)
  46 ÷ 22 = 38 (mod 79)
  25 ÷ 55 = 22 (mod 79)
  64 ÷ 14 = 61 (mod 79)
TransformerModel(
  (embedding): Embedding(79, 256)
  (pos_embedding): Embedding(128, 256)
  (encoder): TransformerEncoder(
    (layers): ModuleList(
      (0): TransformerEncoderLayer(
        (self_attn): MultiheadAttention(
          (out_proj): NonDynamicallyQuantizableLinear(in_features=256, out_features=256, bias=True)
        )
        (linear1): Linear(in_features=256, out_features=512, bias=True)
        (dropout): Dropout(p=0.0, inplace=False)
        (linear2): Linear(in_features=512, out_features=256, bias=True)
        (norm1): LayerNorm((256,), eps=1e-05, elementwise_affine=True)
        (norm2): LayerNorm((256,), eps=1e-05, elementwise_affine=True)
        (dropout1): Dropout(p=0.0, inplace=False)
        (dropout2): Dropout(p=0.0, inplace=False)
      )
    )
  )
  (ln_out): LayerNorm((256,), eps=1e-05, elementwise_affine=True)
  (dropout): Dropout(p=0.0, inplace=False)
  (fc): Linear(in_features=256, out_features=79, bias=False)
)
Using Cross-Entropy Loss w/ regularization term on W_e
Starting training for 15000 epochs...
Training completed!
Accuracy on entire dataset: 32.26495726495727% 
	 Train set accuracy: 100.0% 
	 Test set accuracy: 3.240197229396572%
Frequency Indices: [-1  6  7]
=== Fourier Spectrum Analysis Report ===

1. Model performance:
Accuracy on entire dataset: 32.26495726495727% 
	 Train set accuracy: 100.0% 
	 Test set accuracy: 3.240197229396572%
2. Generating fourier coefficient analysis plots

3. Generating Weight SVD spectrum plots
Expected vocab size: 78, Actual embedding dim: 79
Operation: Division, Includes zero: False
Fraction of Variance in significant components for Division:
Embedding Weights, 2 components: 0.1990
Unembedding Weights, 2 components: 0.1990

4. Performing SVD ablation analysis
Accuracy after ablating insignificant components (Division): 1.94%
Accuracy after ablating all significant components (Division): 1.78%

5. Performing fourier component ablation analysis
Fourier ablation analysis for Division:
  Accuracy after ablating:
    Only Freq 1: 1.28%
    Until Freq 1: 1.28%

6. Trigonometric Identity Verification:
Verifying trigonometric identities:
		 Relative Error for components ('cos 4', 'sin 4'): 1.21E-02

=== Analysis Complete ===
Running main.py on folder: wd1
PyTorch version: 2.8.0+cu128
CUDA available: True
CUDA version: 12.8
Device count: 1
Device object created: cuda
Tensor created on CPU: cpu
Successfully moved to CUDA: cuda:0
CUDA is working!
Created Modular division Data

Dataset Information:
  Modulo: 79
  Total samples: 6084
  Train samples: 1825
  Test samples: 4259
  Train factor: 0.3
  Vocabulary size: 79

Sample equations:
  47 ÷ 19 = 69 (mod 79)
  55 ÷ 76 = 8 (mod 79)
  31 ÷ 35 = 37 (mod 79)
  55 ÷ 8 = 76 (mod 79)
  14 ÷ 57 = 64 (mod 79)
TransformerModel(
  (embedding): Embedding(79, 256)
  (pos_embedding): Embedding(128, 256)
  (encoder): TransformerEncoder(
    (layers): ModuleList(
      (0): TransformerEncoderLayer(
        (self_attn): MultiheadAttention(
          (out_proj): NonDynamicallyQuantizableLinear(in_features=256, out_features=256, bias=True)
        )
        (linear1): Linear(in_features=256, out_features=512, bias=True)
        (dropout): Dropout(p=0.0, inplace=False)
        (linear2): Linear(in_features=512, out_features=256, bias=True)
        (norm1): LayerNorm((256,), eps=1e-05, elementwise_affine=True)
        (norm2): LayerNorm((256,), eps=1e-05, elementwise_affine=True)
        (dropout1): Dropout(p=0.0, inplace=False)
        (dropout2): Dropout(p=0.0, inplace=False)
      )
    )
  )
  (ln_out): LayerNorm((256,), eps=1e-05, elementwise_affine=True)
  (dropout): Dropout(p=0.0, inplace=False)
  (fc): Linear(in_features=256, out_features=79, bias=False)
)
Using Cross-Entropy Loss
Starting training for 15000 epochs...
Model reached 99.9% test accuracy at epoch 4434
Training completed!
Accuracy on entire dataset: 100.0% 
	 Train set accuracy: 100.0% 
	 Test set accuracy: 100.0%
Frequency Indices: [-1 26 27 54 64 65 76]
=== Fourier Spectrum Analysis Report ===

1. Model performance:
Accuracy on entire dataset: 100.0% 
	 Train set accuracy: 100.0% 
	 Test set accuracy: 100.0%
2. Generating fourier coefficient analysis plots

3. Generating Weight SVD spectrum plots
Expected vocab size: 78, Actual embedding dim: 79
Operation: Division, Includes zero: False
Fraction of Variance in significant components for Division:
Embedding Weights, 6 components: 0.5936
Unembedding Weights, 6 components: 0.5936

4. Performing SVD ablation analysis
Accuracy after ablating insignificant components (Division): 94.95%
Accuracy after ablating all significant components (Division): 1.28%

5. Performing fourier component ablation analysis
Fourier ablation analysis for Division:
  Accuracy after ablating:
    Only Freq 1: 4.57%
    Until Freq 1: 4.57%
  Accuracy after ablating:
    Only Freq 2: 5.67%
    Until Freq 2: 1.28%
  Accuracy after ablating:
    Only Freq 3: 57.48%
    Until Freq 3: 1.28%

6. Trigonometric Identity Verification:
Verifying trigonometric identities:
		 Relative Error for components ('cos 14', 'sin 14'): 1.30E-02
		 Relative Error for components ('cos 28', 'cos 33'): 9.65E-01
		 Relative Error for components ('sin 33', 'cos 39'): 7.59E-01

=== Analysis Complete ===
Running main.py on folder: wd2
PyTorch version: 2.8.0+cu128
CUDA available: True
CUDA version: 12.8
Device count: 1
Device object created: cuda
Tensor created on CPU: cpu
Successfully moved to CUDA: cuda:0
CUDA is working!
Created Modular division Data

Dataset Information:
  Modulo: 79
  Total samples: 6084
  Train samples: 1825
  Test samples: 4259
  Train factor: 0.3
  Vocabulary size: 79

Sample equations:
  13 ÷ 5 = 50 (mod 79)
  19 ÷ 44 = 13 (mod 79)
  52 ÷ 64 = 65 (mod 79)
  76 ÷ 44 = 52 (mod 79)
  47 ÷ 22 = 56 (mod 79)
TransformerModel(
  (embedding): Embedding(79, 256)
  (pos_embedding): Embedding(128, 256)
  (encoder): TransformerEncoder(
    (layers): ModuleList(
      (0): TransformerEncoderLayer(
        (self_attn): MultiheadAttention(
          (out_proj): NonDynamicallyQuantizableLinear(in_features=256, out_features=256, bias=True)
        )
        (linear1): Linear(in_features=256, out_features=512, bias=True)
        (dropout): Dropout(p=0.0, inplace=False)
        (linear2): Linear(in_features=512, out_features=256, bias=True)
        (norm1): LayerNorm((256,), eps=1e-05, elementwise_affine=True)
        (norm2): LayerNorm((256,), eps=1e-05, elementwise_affine=True)
        (dropout1): Dropout(p=0.0, inplace=False)
        (dropout2): Dropout(p=0.0, inplace=False)
      )
    )
  )
  (ln_out): LayerNorm((256,), eps=1e-05, elementwise_affine=True)
  (dropout): Dropout(p=0.0, inplace=False)
  (fc): Linear(in_features=256, out_features=79, bias=False)
)
Using Cross-Entropy Loss
Starting training for 15000 epochs...
Model reached 99.9% test accuracy at epoch 5815
Training completed!
Accuracy on entire dataset: 99.14529914529915% 
	 Train set accuracy: 100.0% 
	 Test set accuracy: 98.77905611645926%
Frequency Indices: [-1 12 13 26 27 34 35 40 46 70 71 74 75]
=== Fourier Spectrum Analysis Report ===

1. Model performance:
Accuracy on entire dataset: 99.14529914529915% 
	 Train set accuracy: 100.0% 
	 Test set accuracy: 98.77905611645926%
2. Generating fourier coefficient analysis plots

3. Generating Weight SVD spectrum plots
Expected vocab size: 78, Actual embedding dim: 79
Operation: Division, Includes zero: False
Fraction of Variance in significant components for Division:
Embedding Weights, 12 components: 0.6642
Unembedding Weights, 12 components: 0.6642

4. Performing SVD ablation analysis
Accuracy after ablating insignificant components (Division): 95.41%
Accuracy after ablating all significant components (Division): 1.23%

5. Performing fourier component ablation analysis
Fourier ablation analysis for Division:
  Accuracy after ablating:
    Only Freq 1: 3.25%
    Until Freq 1: 3.25%
  Accuracy after ablating:
    Only Freq 2: 26.02%
    Until Freq 2: 1.33%
  Accuracy after ablating:
    Only Freq 3: 16.42%
    Until Freq 3: 1.41%
  Accuracy after ablating:
    Only Freq 4: 36.85%
    Until Freq 4: 0.21%
  Accuracy after ablating:
    Only Freq 5: 78.48%
    Until Freq 5: 1.28%
  Accuracy after ablating:
    Only Freq 6: 89.55%
    Until Freq 6: 1.28%

6. Trigonometric Identity Verification:
Verifying trigonometric identities:
		 Relative Error for components ('cos 7', 'sin 7'): 1.55E-01
		 Relative Error for components ('cos 14', 'sin 14'): 7.16E-01
		 Relative Error for components ('cos 18', 'sin 18'): 1.28E-02
		 Relative Error for components ('cos 21', 'cos 24'): 9.64E-01
		 Relative Error for components ('cos 36', 'sin 36'): 1.71E-01
		 Relative Error for components ('cos 38', 'sin 38'): 7.56E-02

=== Analysis Complete ===
Running main.py on folder: wd3
PyTorch version: 2.8.0+cu128
CUDA available: True
CUDA version: 12.8
Device count: 1
Device object created: cuda
Tensor created on CPU: cpu
Successfully moved to CUDA: cuda:0
CUDA is working!
Created Modular division Data

Dataset Information:
  Modulo: 79
  Total samples: 6084
  Train samples: 1825
  Test samples: 4259
  Train factor: 0.3
  Vocabulary size: 79

Sample equations:
  28 ÷ 59 = 46 (mod 79)
  55 ÷ 73 = 4 (mod 79)
  46 ÷ 22 = 38 (mod 79)
  25 ÷ 55 = 22 (mod 79)
  64 ÷ 14 = 61 (mod 79)
TransformerModel(
  (embedding): Embedding(79, 256)
  (pos_embedding): Embedding(128, 256)
  (encoder): TransformerEncoder(
    (layers): ModuleList(
      (0): TransformerEncoderLayer(
        (self_attn): MultiheadAttention(
          (out_proj): NonDynamicallyQuantizableLinear(in_features=256, out_features=256, bias=True)
        )
        (linear1): Linear(in_features=256, out_features=512, bias=True)
        (dropout): Dropout(p=0.0, inplace=False)
        (linear2): Linear(in_features=512, out_features=256, bias=True)
        (norm1): LayerNorm((256,), eps=1e-05, elementwise_affine=True)
        (norm2): LayerNorm((256,), eps=1e-05, elementwise_affine=True)
        (dropout1): Dropout(p=0.0, inplace=False)
        (dropout2): Dropout(p=0.0, inplace=False)
      )
    )
  )
  (ln_out): LayerNorm((256,), eps=1e-05, elementwise_affine=True)
  (dropout): Dropout(p=0.0, inplace=False)
  (fc): Linear(in_features=256, out_features=79, bias=False)
)
Using Cross-Entropy Loss
Starting training for 15000 epochs...
Model reached 99.9% test accuracy at epoch 6386
Training completed!
Accuracy on entire dataset: 99.95069033530572% 
	 Train set accuracy: 100.0% 
	 Test set accuracy: 99.92956092979573%
Frequency Indices: [-1 11 32 33 43 54 55]
=== Fourier Spectrum Analysis Report ===

1. Model performance:
Accuracy on entire dataset: 99.95069033530572% 
	 Train set accuracy: 100.0% 
	 Test set accuracy: 99.92956092979573%
2. Generating fourier coefficient analysis plots

3. Generating Weight SVD spectrum plots
Expected vocab size: 78, Actual embedding dim: 79
Operation: Division, Includes zero: False
Fraction of Variance in significant components for Division:
Embedding Weights, 6 components: 0.6400
Unembedding Weights, 6 components: 0.6400

4. Performing SVD ablation analysis
Accuracy after ablating insignificant components (Division): 96.78%
Accuracy after ablating all significant components (Division): 0.00%

5. Performing fourier component ablation analysis
Fourier ablation analysis for Division:
  Accuracy after ablating:
    Only Freq 1: 7.69%
    Until Freq 1: 7.69%
  Accuracy after ablating:
    Only Freq 2: 23.44%
    Until Freq 2: 1.28%
  Accuracy after ablating:
    Only Freq 3: 70.07%
    Until Freq 3: 1.28%

6. Trigonometric Identity Verification:
Verifying trigonometric identities:
		 Relative Error for components ('sin 6', 'cos 17'): 1.01E+00
		 Relative Error for components ('sin 17', 'sin 22'): 1.00E+00
		 Relative Error for components ('cos 28', 'sin 28'): 2.01E-02

=== Analysis Complete ===
Finished all experiments
