Python 3.12.3
Running main.py on folder: fr1
PyTorch version: 2.8.0+cu128
CUDA available: True
CUDA version: 12.8
Device count: 1
Device object created: cuda
Tensor created on CPU: cpu
Successfully moved to CUDA: cuda:0
CUDA is working!
Created Modular division Data

Dataset Information:
  Modulo: 79
  Total samples: 6084
  Train samples: 1825
  Test samples: 4259
  Train factor: 0.3
  Vocabulary size: 79

Sample equations:
  47 ÷ 19 = 69 (mod 79)
  55 ÷ 76 = 8 (mod 79)
  31 ÷ 35 = 37 (mod 79)
  55 ÷ 8 = 76 (mod 79)
  14 ÷ 57 = 64 (mod 79)
TransformerModel(
  (embedding): Embedding(79, 256)
  (pos_embedding): Embedding(128, 256)
  (encoder): TransformerEncoder(
    (layers): ModuleList(
      (0): TransformerEncoderLayer(
        (self_attn): MultiheadAttention(
          (out_proj): NonDynamicallyQuantizableLinear(in_features=256, out_features=256, bias=True)
        )
        (linear1): Linear(in_features=256, out_features=512, bias=True)
        (dropout): Dropout(p=0.0, inplace=False)
        (linear2): Linear(in_features=512, out_features=256, bias=True)
        (norm1): LayerNorm((256,), eps=1e-05, elementwise_affine=True)
        (norm2): LayerNorm((256,), eps=1e-05, elementwise_affine=True)
        (dropout1): Dropout(p=0.0, inplace=False)
        (dropout2): Dropout(p=0.0, inplace=False)
      )
    )
  )
  (ln_out): LayerNorm((256,), eps=1e-05, elementwise_affine=True)
  (dropout): Dropout(p=0.0, inplace=False)
  (fc): Linear(in_features=256, out_features=79, bias=False)
)
Using Cross-Entropy Loss w/ regularization term on W_e
Starting training for 15000 epochs...
Training completed!
Accuracy on entire dataset: 1.282051282051282% 
	 Train set accuracy: 1.808219178082192% 
	 Test set accuracy: 1.0565860530640996%
Frequency Indices: []
=== Fourier Spectrum Analysis Report ===

1. Model performance:
Accuracy on entire dataset: 1.282051282051282% 
	 Train set accuracy: 1.808219178082192% 
	 Test set accuracy: 1.0565860530640996%
2. Generating fourier coefficient analysis plots

3. Generating Weight SVD spectrum plots
Expected vocab size: 78, Actual embedding dim: 79
Operation: Division, Includes zero: False
Fraction of Variance in significant components for Division:
Embedding Weights, 0 components: 0.0000
Unembedding Weights, 0 components: 0.0000

4. Performing SVD ablation analysis
Accuracy after ablating insignificant components (Division): 1.28%
Accuracy after ablating all significant components (Division): 1.28%

5. Performing fourier component ablation analysis
Fourier ablation analysis for Division:

6. Trigonometric Identity Verification:
Verifying trigonometric identities:

=== Analysis Complete ===
Finished all experiments
