Python 3.12.3
PyTorch version: 2.8.0+cu128
CUDA available: True
CUDA version: 12.8
Device count: 1
Device object created: cuda
Tensor created on CPU: cpu
Successfully moved to CUDA: cuda:0
CUDA is working!
Created Modular division Data

Dataset Information:
  Modulo: 79
  Total samples: 6084
  Train samples: 1825
  Test samples: 4259
  Train factor: 0.3
  Vocabulary size: 79

Sample equations:
  47 ÷ 19 = 69 (mod 79)
  55 ÷ 76 = 8 (mod 79)
  31 ÷ 35 = 37 (mod 79)
  55 ÷ 8 = 76 (mod 79)
  14 ÷ 57 = 64 (mod 79)
TransformerModel(
  (embedding): Embedding(79, 256)
  (pos_embedding): Embedding(128, 256)
  (encoder): TransformerEncoder(
    (layers): ModuleList(
      (0): TransformerEncoderLayer(
        (self_attn): MultiheadAttention(
          (out_proj): NonDynamicallyQuantizableLinear(in_features=256, out_features=256, bias=True)
        )
        (linear1): Linear(in_features=256, out_features=512, bias=True)
        (dropout): Dropout(p=0.0, inplace=False)
        (linear2): Linear(in_features=512, out_features=256, bias=True)
        (norm1): LayerNorm((256,), eps=1e-05, elementwise_affine=True)
        (norm2): LayerNorm((256,), eps=1e-05, elementwise_affine=True)
        (dropout1): Dropout(p=0.0, inplace=False)
        (dropout2): Dropout(p=0.0, inplace=False)
      )
    )
  )
  (ln_out): LayerNorm((256,), eps=1e-05, elementwise_affine=True)
  (dropout): Dropout(p=0.0, inplace=False)
  (fc): Linear(in_features=256, out_features=79, bias=False)
)
Using Cross-Entropy Loss w/ regularization term on W_e
Starting training for 15000 epochs...
Model reached 99.9% test accuracy at epoch 5532
Training completed!
Accuracy on entire dataset: 100.0% 
	 Train set accuracy: 100.0% 
	 Test set accuracy: 100.0%
Frequency Indices: [-1 26 27 64 65]
=== Fourier Spectrum Analysis Report ===

1. Model performance:
Accuracy on entire dataset: 100.0% 
	 Train set accuracy: 100.0% 
	 Test set accuracy: 100.0%
2. Generating fourier coefficient analysis plots

3. Generating Weight SVD spectrum plots
Expected vocab size: 78, Actual embedding dim: 79
Operation: Division, Includes zero: False
Fraction of Variance in significant components for Division:
Embedding Weights, 4 components: 0.5949
Unembedding Weights, 4 components: 0.5949

4. Performing SVD ablation analysis
Accuracy after ablating insignificant components (Division): 92.14%
Accuracy after ablating all significant components (Division): 1.28%

5. Performing fourier component ablation analysis
Fourier ablation analysis for Division:
  Accuracy after ablating:
    Only Freq 1: 10.96%
    Until Freq 1: 10.96%
  Accuracy after ablating:
    Only Freq 2: 10.17%
    Until Freq 2: 1.28%

6. Trigonometric Identity Verification:
Verifying trigonometric identities:
		 Relative Error for components ('cos 14', 'sin 14'): 7.83E-03
		 Relative Error for components ('cos 33', 'sin 33'): 1.06E-02

=== Analysis Complete ===
Finished all experiments
