Python 3.12.3
PyTorch version: 2.8.0+cu128
CUDA available: True
CUDA version: 12.8
Device count: 1
Device object created: cuda
Tensor created on CPU: cpu
Successfully moved to CUDA: cuda:0
CUDA is working!
Created Modular multiplication Data

Dataset Information:
  Modulo: 113
  Total samples: 12544
  Train samples: 3763
  Test samples: 8781
  Train factor: 0.3
  Vocabulary size: 113

Sample equations:
  68 * 23 = 95 (mod 113)
  92 * 84 = 44 (mod 113)
  5 * 33 = 52 (mod 113)
  74 * 81 = 5 (mod 113)
  105 * 63 = 61 (mod 113)
RNNModel(
  (embedding): Embedding(113, 256)
  (rnn): RNN(256, 256, batch_first=True)
  (fc): Linear(in_features=256, out_features=113, bias=True)
  (bn): BatchNorm1d(256, eps=1e-05, momentum=0.1, affine=True, track_running_stats=True)
)
Using Cross-Entropy Loss
Starting training for 20000 epochs...
Model reached 99.9% test accuracy at epoch 5697
Training completed!
=== Fourier Spectrum Analysis Report ===

1. Model performance:
Accuracy on entire dataset: 100.0% 
	 Train set accuracy: 100.0% 
	 Test set accuracy: 100.0%
2. Generating fourier coefficient analysis plots

[ 24  25  28  29  42  43  50  51  74  75 110 111]
3. Generating Weight SVD spectrum plots
Expected vocab size: 112, Actual embedding dim: 113
Operation: Multiplication, Includes zero: False
Fraction of Variance in significant components for Multiplication:
Embedding Weights, 12 components: 0.7229
Unembedding Weights, 12 components: 0.7982
Input Weights, 12 components: 0.7231
Hidden Weights, 31 components: 0.7095

4. Performing SVD ablation analysis
Accuracy after ablating insignificant components (Multiplication): 100.00%
Accuracy after ablating all significant components (Multiplication): 0.89%

5. Performing fourier component ablation analysis
Fourier ablation analysis for Multiplication:
  Accuracy after ablating:
    Only Freq 1: 81.25%
    Until Freq 1: 81.25%
  Accuracy after ablating:
    Only Freq 2: 87.23%
    Until Freq 2: 48.48%
  Accuracy after ablating:
    Only Freq 3: 89.88%
    Until Freq 3: 23.76%
  Accuracy after ablating:
    Only Freq 4: 91.05%
    Until Freq 4: 8.57%
  Accuracy after ablating:
    Only Freq 5: 97.23%
    Until Freq 5: 1.97%
  Accuracy after ablating:
    Only Freq 6: 100.00%
    Until Freq 6: 0.89%

6. Trigonometric Identity Verification:
Verifying trigonometric identities:
		 Relative Error for components ('cos 13', 'sin 13'): 2.98E-02
		 Relative Error for components ('cos 15', 'sin 15'): 4.82E-02
		 Relative Error for components ('cos 22', 'sin 22'): 3.74E-02
		 Relative Error for components ('cos 26', 'sin 26'): 1.07E-02
		 Relative Error for components ('cos 38', 'sin 38'): 3.24E-02
		 Relative Error for components ('cos 56', 'sin 56'): 1.03E+00

=== Analysis Complete ===
Finished all experiments
