Python 3.12.3
PyTorch version: 2.8.0+cu128
CUDA available: True
CUDA version: 12.8
Device count: 1
Device object created: cuda
Tensor created on CPU: cpu
Successfully moved to CUDA: cuda:0
CUDA is working!
Created Modular division Data

Dataset Information:
  Modulo: 113
  Total samples: 12544
  Train samples: 3763
  Test samples: 8781
  Train factor: 0.3
  Vocabulary size: 113

Sample equations:
  68 ÷ 23 = 57 (mod 113)
  92 ÷ 84 = 28 (mod 113)
  5 ÷ 33 = 7 (mod 113)
  74 ÷ 81 = 33 (mod 113)
  105 ÷ 63 = 77 (mod 113)
RNNModel(
  (embedding): Embedding(113, 256)
  (rnn): RNN(256, 256, batch_first=True)
  (fc): Linear(in_features=256, out_features=113, bias=True)
  (bn): BatchNorm1d(256, eps=1e-05, momentum=0.1, affine=True, track_running_stats=True)
)
Using Cross-Entropy Loss
Starting training for 20000 epochs...
Model reached 99.9% test accuracy at epoch 1283
Training completed!
=== Fourier Spectrum Analysis Report ===

1. Model performance:
Accuracy on entire dataset: 100.0% 
	 Train set accuracy: 100.0% 
	 Test set accuracy: 100.0%
2. Generating fourier coefficient analysis plots

[ 30  31  32  33  52  53 106 107 110 111]
3. Generating Weight SVD spectrum plots
Expected vocab size: 112, Actual embedding dim: 113
Operation: Division, Includes zero: False
Fraction of Variance in significant components for Division:
Embedding Weights, 10 components: 0.8361
Unembedding Weights, 10 components: 0.9552
Input Weights, 10 components: 0.8684
Hidden Weights, 25 components: 0.8688

4. Performing SVD ablation analysis
Accuracy after ablating insignificant components (Division): 100.00%
Accuracy after ablating all significant components (Division): 0.89%

5. Performing fourier component ablation analysis
Fourier ablation analysis for Division:
  Accuracy after ablating:
    Only Freq 1: 74.42%
    Until Freq 1: 74.42%
  Accuracy after ablating:
    Only Freq 2: 76.65%
    Until Freq 2: 25.59%
  Accuracy after ablating:
    Only Freq 3: 85.30%
    Until Freq 3: 7.14%
  Accuracy after ablating:
    Only Freq 4: 84.13%
    Until Freq 4: 2.42%
  Accuracy after ablating:
    Only Freq 5: 97.07%
    Until Freq 5: 0.89%

6. Trigonometric Identity Verification:
Verifying trigonometric identities:
		 Relative Error for components ('cos 16', 'sin 16'): 3.41E-02
		 Relative Error for components ('cos 17', 'sin 17'): 1.32E-02
		 Relative Error for components ('cos 27', 'sin 27'): 2.27E-02
		 Relative Error for components ('cos 54', 'sin 54'): 1.22E-02
		 Relative Error for components ('cos 56', 'sin 56'): 9.70E-01

=== Analysis Complete ===
Finished all experiments
