Python 3.12.3
PyTorch version: 2.8.0+cu128
CUDA available: True
CUDA version: 12.8
Device count: 1
Device object created: cuda
Tensor created on CPU: cpu
Successfully moved to CUDA: cuda:0
CUDA is working!
Created Modular addition Data

Dataset Information:
  Modulo: 113
  Total samples: 12769
  Train samples: 3830
  Test samples: 8939
  Train factor: 0.3
  Vocabulary size: 114

Sample equations:
  103 + 52 = 42 (mod 113)
  38 + 14 = 52 (mod 113)
  39 + 94 = 20 (mod 113)
  48 + 69 = 4 (mod 113)
  96 + 97 = 80 (mod 113)
RNNModel(
  (embedding): Embedding(114, 256)
  (rnn): RNN(256, 256, batch_first=True)
  (fc): Linear(in_features=256, out_features=114, bias=True)
  (bn): BatchNorm1d(256, eps=1e-05, momentum=0.1, affine=True, track_running_stats=True)
)
Using Cross-Entropy Loss
Starting training for 20000 epochs...
Model reached 99.9% test accuracy at epoch 6322
Training completed!
=== Fourier Spectrum Analysis Report ===

1. Model performance:
Accuracy on entire dataset: 100.0% 
	 Train set accuracy: 100.0% 
	 Test set accuracy: 100.0%
2. Generating fourier coefficient analysis plots

3. Generating Weight SVD spectrum plots
Expected vocab size: 113, Actual embedding dim: 114
Operation: Addition, Includes zero: True
Fraction of Variance in significant components for Addition:
Embedding Weights, 14 components: 0.6120
Unembedding Weights, 14 components: 0.7147
Input Weights, 14 components: 0.5552
Hidden Weights, 55 components: 0.7814

4. Performing SVD ablation analysis
Accuracy after ablating insignificant components (Addition): 96.16%
Accuracy after ablating all significant components (Addition): 0.89%

5. Performing fourier component ablation analysis
Fourier ablation analysis for Addition:
  Accuracy after ablating:
    Only Freq 1: 68.52%
    Until Freq 1: 68.52%
  Accuracy after ablating:
    Only Freq 2: 78.92%
    Until Freq 2: 48.94%
  Accuracy after ablating:
    Only Freq 3: 82.73%
    Until Freq 3: 30.10%
  Accuracy after ablating:
    Only Freq 4: 80.68%
    Until Freq 4: 13.82%
  Accuracy after ablating:
    Only Freq 5: 83.32%
    Until Freq 5: 4.40%
  Accuracy after ablating:
    Only Freq 6: 93.63%
    Until Freq 6: 1.76%
  Accuracy after ablating:
    Only Freq 7: 91.21%
    Until Freq 7: 0.88%

6. Trigonometric Identity Verification:
Verifying trigonometric identities:
		 Relative Error for components ('cos 1', 'sin 1'): 5.75E-02
		 Relative Error for components ('cos 12', 'sin 12'): 8.75E-02
		 Relative Error for components ('cos 17', 'sin 17'): 3.00E-02
		 Relative Error for components ('cos 20', 'sin 20'): 6.87E-02
		 Relative Error for components ('cos 42', 'sin 42'): 6.30E-02
		 Relative Error for components ('cos 50', 'sin 50'): 8.87E-02
		 Relative Error for components ('cos 52', 'sin 52'): 6.07E-02

=== Analysis Complete ===
Finished all experiments
